<!DOCTYPE struts PUBLIC
        "-//Apache Software Foundation//DTD Struts Configuration 2.3//EN"
        "http://struts.apache.org/dtds/struts-2.3.dtd">

<struts>

        <package name="test" namespace="/" extends="struts-default">
            <action name="test_*" class="action.TestAction" method="{1}">
                <result name="success">/success.jsp</result>
            </action>
        </package>


</struts>